-122.7655 38.9735   1187.5  1997.4   610.2  2056.3     21.3     14.1     63.7 -999 -999
-122.3684 38.6190     12.5  2257.2   896.7  2547.0     30.3     20.2     94.4 -999 -999
-122.8102 38.5669     37.5  1401.2   365.6  1883.2     15.0     10.0     27.6 -999 -999
-123.3883 37.9286  -2475.0  6066.9  3578.6  2686.0    537.0    357.9   2580.6 -999 -999
-120.6469 37.0518  -2025.0  3545.0  1898.2  2470.0    284.9    189.8   2182.0 -999 -999
-121.6890 37.8604 -42300.0  8000.0  4600.0  3300.0    690.0    460.0  42247.8 -999 -999
-122.5005 37.4484 -33900.0  8000.0  4600.0  3300.0    690.0    460.0  34155.8 -999 -999
-123.1338 37.6756  -5150.0  6200.0  3640.0  2710.0    546.0    364.0   4586.0 -999 -999
-122.6263 39.0869  -5150.0  5996.0  3548.4  2720.0    532.0    354.9   5673.3 -999 -999
-121.9825 37.8910  -4250.0  4971.7  2976.1  2596.3    446.5    297.6   4502.1 -999 -999
-123.5799 38.2535   -237.5  1500.0  -999.0  1030.0  63000.0  40000.0   -339.0   25   35
-123.5799 38.2535    237.5  -999.0  -999.0  -999.0   -999.0   -999.0   -999.0    0    0
-122.4789 38.1837   -237.5  2978.8  1398.4  2574.9    138.7     92.5    305.4 -999 -999
-121.5241 38.0427   -212.5  2405.0   906.9  2168.1     27.1     18.2    274.2 -999 -999
-122.8345 37.3440  -1475.0  3020.8  1431.1  2294.1     52.2     34.8   1301.9 -999 -999
-121.3272 36.7508  -1275.0  4046.3  2265.5  2561.9    303.0    202.0   1513.6 -999 -999
-123.4800 38.0746  -3175.0  6117.4  3602.9  2692.4    540.4    360.3   2747.9 -999 -999
-120.6546 37.0606  -3025.0  3995.2  2279.2  2473.8    342.0    227.9   2932.1 -999 -999
-121.0312 37.4019  -3075.0  3995.0  2276.9  2473.3    341.6    227.7   2925.7 -999 -999
-121.1457 37.0511   -437.5  3414.5  1776.7  2612.8    224.1    149.4    721.5 -999 -999
-121.6428 37.0455   -412.5  3732.3  2052.2  2690.0    297.6    198.4    656.7 -999 -999
