-122.7655 38.9735   1187.5  1997.4   610.2  2056.3     21.3     14.1     63.7 -999 -999
-122.3684 38.6190     12.5  2257.2   896.7  2547.0     30.3     20.2     94.4 -999 -999
-123.1338 37.6756  -5150.0  6200.0  3640.0  2710.0    546.0    364.0   4586.0 -999 -999
-122.6263 39.0869  -5150.0  5996.0  3548.4  2720.0    532.0    354.9   5673.3 -999 -999
-121.9825 37.8910  -4250.0  4971.7  2976.1  2596.3    446.5    297.6   4502.1 -999 -999
-123.5799 38.2535   -237.5  1500.0  -999.0  1030.0  63000.0  40000.0   -339.0   25   35
-123.5799 38.2535    237.5  -999.0  -999.0  -999.0   -999.0   -999.0   -999.0    0    0
-122.4789 38.1837   -237.5  2978.8  1398.4  2574.9    138.7     92.5    305.4 -999 -999
-121.5241 38.0427   -212.5  2405.0   906.9  2168.1     27.1     18.2    274.2 -999 -999
-121.0312 37.4019  -3075.0  3995.0  2276.9  2473.3    341.6    227.7   2925.7 -999 -999
-121.1457 37.0511   -437.5  3414.5  1776.7  2612.8    224.1    149.4    721.5 -999 -999
-121.6428 37.0455   -412.5  3732.3  2052.2  2690.0    297.6    198.4    656.7 -999 -999
-123.8821 38.4024  -3175.0  3830.5  2086.3  2479.5    248.8    165.9    935.5 -999 -999
-121.1152 37.6281  -2975.0  3986.9  2273.2  2472.3    340.8    227.3   2916.0 -999 -999
-121.3781 37.9121 -29700.0  7992.2  4596.1  3297.7    689.4    459.6  29800.5 -999 -999
-120.7705 37.2387 -18100.0  7000.0  4100.0  3000.0    615.0    410.0  18224.8 -999 -999
-123.0130 40.9916   2050.0  2487.5  1006.5  2654.5     30.9     20.3     59.9 -999 -999
-123.2376 40.9734  -3850.0  5988.5  3544.2  2720.0    531.6    354.5   5370.5 -999 -999
-118.9576 36.7146  -3550.0  7010.0  4000.0  2870.0    600.0    400.0   5189.9 -999 -999
-121.4770 39.2538 -31700.0  7000.0  4100.0  3000.0    615.0    410.0  31447.9 -999 -999
-126.3118 39.6462 -34900.0  8000.0  4600.0  3300.0    690.0    460.0  30554.4 -999 -999
-118.9857 36.7450 -30100.0  7060.0  4030.0  2880.0    604.0    403.0  31377.3 -999 -999
-123.0130 40.9916   4050.0  -999.0  -999.0  -999.0   -999.0   -999.0   -999.0    0    0
