-122.7655 38.9735   1187.5  2076.9   685.0  2074.4     22.7     15.1    105.9 -999 -999
-122.3684 38.6190     12.5  2547.5  1066.9  2676.8     32.6     21.8    109.2 -999 -999
-123.1338 37.6756  -5150.0  6200.0  3640.0  2710.0    546.0    364.0   4619.8 -999 -999
-122.6263 39.0869  -5150.0  6000.0  3550.0  2720.0    532.0    355.0   5747.5 -999 -999
-121.9825 37.8910  -4250.0  4782.5  2867.5  2572.5    430.5    286.8   4477.4 -999 -999
-123.5799 38.2535   -237.5  1500.0  -999.0  1030.0  63000.0  40000.0   -270.5 -999 -999
-123.5799 38.2535    237.5  -999.0  -999.0  -999.0   -999.0   -999.0   -999.0    0    0
-122.4789 38.1837   -237.5  3140.5  1537.3  2672.1    175.6    117.1    340.7 -999 -999
-121.5241 38.0427   -212.5  2420.0   918.9  2171.2     27.5     18.4    299.3 -999 -999
-121.0312 37.4019  -3075.0  4115.0  2375.0  2477.5    356.2    237.5   3123.9 -999 -999
-121.1457 37.0511   -437.5  3429.0  1792.7  2633.7    244.9    163.3    668.4 -999 -999
-121.6428 37.0455   -412.5  3740.2  2062.7  2690.0    309.5    206.3    652.4 -999 -999
-123.8821 38.4024  -3175.0  4807.0  2885.2  2680.0    432.8    288.5   1069.8 -999 -999
-121.1152 37.6281  -2975.0  3985.0  2275.0  2470.0    340.9    227.5   2916.0 -999 -999
-121.3781 37.9121 -29700.0  8000.0  4600.0  3300.0    690.0    460.0  29700.1  508  501
-120.7705 37.2387 -18100.0  7000.0  4100.0  3000.0    615.0    410.0  18124.6  508  502
-123.0130 40.9916   2050.0  2532.5  1015.0  2680.0     30.8     20.0     57.6 -999 -999
-123.2376 40.9734  -3850.0  5993.8  3550.0  2720.0    532.0    355.0   5545.8 -999 -999
-118.9576 36.7146  -3550.0  7010.0  4000.0  2870.0    600.0    400.0   5283.4 -999 -999
-121.4770 39.2538 -31700.0  7000.0  4100.0  3000.0    615.0    410.0  31732.6  508  502
-126.3118 39.6462 -34900.0  8000.0  4600.0  3300.0    690.0    460.0  30858.0  512  501
-118.9857 36.7450 -30100.0  7060.0  4030.0  2880.0    604.0    403.0  31859.0  508  503
-123.0130 40.9916   4050.0  -999.0  -999.0  -999.0   -999.0   -999.0   -999.0    0    0
