-122.7655 38.9735   1187.5  2076.9   685.0  2074.4     22.7     15.1    105.9 -999 -999
-122.3684 38.6190     12.5  2547.5  1066.9  2676.8     32.6     21.8    109.2 -999 -999
-122.8102 38.5669     37.5  1343.3   353.1  1863.4     15.0     10.0     23.7 -999 -999
-123.3883 37.9286  -2475.0  5997.5  3545.0  2680.0    532.2    354.5   2378.2 -999 -999
-120.6469 37.0518  -2025.0  3515.0  1871.9  2470.0    281.0    187.2   2132.0 -999 -999
-121.6890 37.8604 -42300.0  8000.0  4600.0  3300.0    690.0    460.0  42411.8   20    1
-122.5005 37.4484 -33900.0  8000.0  4600.0  3300.0    690.0    460.0  33862.7   26    1
-123.1338 37.6756  -5150.0  6200.0  3640.0  2710.0    546.0    364.0   4619.8 -999 -999
-122.6263 39.0869  -5150.0  6000.0  3550.0  2720.0    532.0    355.0   5747.5 -999 -999
-121.9825 37.8910  -4250.0  4782.5  2867.5  2572.5    430.5    286.8   4477.4 -999 -999
-123.5799 38.2535   -237.5  1500.0  -999.0  1030.0  63000.0  40000.0   -270.5 -999 -999
-123.5799 38.2535    237.5  -999.0  -999.0  -999.0   -999.0   -999.0   -999.0    0    0
-122.4789 38.1837   -237.5  3140.5  1537.3  2672.1    175.6    117.1    340.7 -999 -999
-121.5241 38.0427   -212.5  2420.0   918.9  2171.2     27.5     18.4    299.3 -999 -999
-122.8345 37.3440  -1475.0  3053.1  1459.7  2300.0     59.4     39.6   1356.1 -999 -999
-121.3272 36.7508  -1275.0  4585.0  2714.4  2654.7    404.5    269.7   1474.2 -999 -999
-123.4800 38.0746  -3175.0  6172.8  3627.5  2700.0    544.0    362.8   2958.1 -999 -999
-120.6546 37.0606  -3025.0  4115.0  2377.5  2480.0    356.7    237.8   3132.0 -999 -999
-121.0312 37.4019  -3075.0  4115.0  2375.0  2477.5    356.2    237.5   3123.9 -999 -999
-121.1457 37.0511   -437.5  3429.0  1792.7  2633.7    244.9    163.3    668.4 -999 -999
-121.6428 37.0455   -412.5  3740.2  2062.7  2690.0    309.5    206.3    652.4 -999 -999
