-122.3930 38.9892     12.5  2480.0   970.0  2470.0     29.0     19.0    405.0   17   16
-123.1409 38.8338    112.5  2460.0   950.0  2180.0     29.0     19.0    357.0   13   28
-122.7330 38.8045   1287.5  2270.0   790.0  2140.0     24.0     16.0     53.1    9   30
-120.6423 37.0472   -112.5  2330.0   850.0  2150.0     25.0     17.0    147.8   17   22
-121.1890 37.6214   -312.5  2430.0   930.0  2170.0     28.0     19.0    321.6   17   22
-121.1334 36.8153    887.5   940.0   100.0  2470.0     15.0     10.0      7.7   18   16
-123.2081 38.7966  -1475.0  4940.0  2970.0  2680.0    446.0    297.0   1822.7   22   12
-121.4477 36.6354  -1525.0  5680.0  3390.0  2680.0    509.0    339.0   1847.5    2   17
-121.6705 36.6512  -2825.0  4230.0  2470.0  2500.0    370.0    247.0   2838.4    2   25
-120.6508 37.0562  -3175.0  4160.0  2410.0  2490.0    362.0    241.0   3205.4   17   16
-122.0878 38.4597 -26700.0  7000.0  4100.0  3000.0    615.0    410.0  27279.4   20    2
-122.2364 38.3753 -26700.0  8000.0  4600.0  3300.0    690.0    460.0  27059.1   16    1
-123.4555 38.1980 -18300.0  7000.0  4100.0  3000.0    615.0    410.0  17988.9   25    2
-122.1473 38.2659 -21500.0  7000.0  4100.0  3000.0    615.0    410.0  21668.8   20    2
-122.1436 37.5476 -17700.0  6120.0  3600.0  2740.0    540.0    360.0  17699.9   22   12
-122.0199 37.6453 -11700.0  6060.0  3580.0  2730.0    537.0    358.0  12010.9   22   12
-123.1058 37.7031  -8500.0  6210.0  3640.0  2710.0    547.0    364.0   8399.3   25   20
-121.1793 37.0977  -3175.0  5720.0  3420.0  2690.0    512.0    342.0   3561.1   19   14
-123.8505 38.4233   2000.0  -999.0  -999.0  -999.0   -999.0   -999.0   -999.0    0    0
-123.8505 38.4233     -1.0  1500.0  -999.0  1030.0  63000.0  40000.0  -1790.2   25   35
