-122.3930 38.9892     12.5  2452.0   944.7  2470.0     28.3     18.9    353.5 -999 -999
-123.1409 38.8338    112.5  2435.2   931.0  2174.4     28.1     18.8    294.2 -999 -999
-122.7330 38.8045   1287.5  1750.0   477.6  1976.2     18.8     12.5     42.5 -999 -999
-120.6423 37.0472   -112.5  2328.8   846.2  2150.0     25.2     16.9    159.4 -999 -999
-121.1890 37.6214   -312.5  2440.0   934.8  2174.4     28.1     18.8    333.8 -999 -999
-121.1334 36.8153    887.5   940.0   100.0  2470.0     15.0     10.0      7.7   18   16
-123.2081 38.7966  -1475.0  4759.0  2849.6  2680.0    427.4    285.0   1623.6 -999 -999
-121.4477 36.6354  -1525.0  5533.7  3315.8  2680.0    497.4    331.6   1699.7 -999 -999
-121.6705 36.6512  -2825.0  4950.1  2902.4  2572.6    435.4    290.2   2913.5 -999 -999
-120.6508 37.0562  -3175.0  3996.6  2279.6  2473.7    342.0    227.9   2932.4 -999 -999
-122.0878 38.4597 -26700.0  7439.5  4319.7  3131.8    648.0    432.0  27100.1 -999 -999
-122.2364 38.3753 -26700.0  7984.4  4592.2  3295.3    688.8    459.2  26961.2 -999 -999
-123.4555 38.1980 -18300.0  7000.0  4100.0  3000.0    615.0    410.0  17833.7 -999 -999
-122.1473 38.2659 -21500.0  7000.0  4100.0  3000.0    615.0    410.0  21467.1 -999 -999
-122.1436 37.5476 -17700.0  6670.0  3912.5  2902.5    586.9    391.2  17899.5 -999 -999
-122.0199 37.6453 -11700.0  5979.0  3541.5  2721.0    530.9    354.1  12003.8 -999 -999
-123.1058 37.7031  -8500.0  6210.0  3640.0  2710.0    547.0    364.0   8394.0 -999 -999
-121.1793 37.0977  -3175.0  5632.2  3370.1  2681.1    505.5    337.0   3255.1 -999 -999
-123.8505 38.4233   2000.0  -999.0  -999.0  -999.0   -999.0   -999.0   -999.0    0    0
-123.8505 38.4233     -1.0  1500.0  -999.0  1030.0  63000.0  40000.0  -1790.2   25   35
