-122.76550 38.97350   1187.5  1927.1   565.2  2049.8     16.9     11.3    105.9 -999 -999   1205.9
-122.36840 38.61900     12.5  2744.1  1190.2  2656.4     35.7     23.8    109.2 -999 -999    209.2
-122.81020 38.56690     37.5  1343.3   353.1  1863.4     15.0     10.0     23.7 -999 -999    123.7
-123.38830 37.92860  -2475.0  5565.0  3335.0  2670.0    500.3    333.5   2378.2 -999 -999   -121.8
-120.64690 37.05180  -2025.0  3745.0  2105.0  2500.0    315.9    210.5   2132.0 -999 -999     32.0
-121.68900 37.86040 -42300.0  7790.0  4420.0  3300.0   1000.0    500.0  42411.8   20    1    111.8
-122.50050 37.44840 -33900.0  7780.0  4420.0  3300.0   1000.0    500.0  33862.7   26    1    -37.3
-123.13380 37.67560  -5150.0  5768.8  3440.0  2690.0    516.0    344.0   4619.8 -999 -999   -480.2
-122.62630 39.08690  -5150.0  5592.5  3350.0  2677.5    502.5    335.0   5747.5 -999 -999    647.5
-121.98250 37.89100  -4250.0  4821.2  2872.5  2578.8    431.0    287.2   4477.4 -999 -999    177.4
-123.57990 38.25350   -237.5  1500.0  -999.0  1030.0  63000.0  40000.0   -270.5 -999 -999   -570.5
-123.57990 38.25350    237.5  -999.0  -999.0  -999.0   -999.0   -999.0   -999.0    0    0   -999.0
-122.47890 38.18370   -237.5  3196.8  1587.7  2651.3    200.5    133.7    340.7 -999 -999     40.7
-121.52410 38.04270   -212.5  2156.1   721.4  2108.8     21.6     14.4    299.3 -999 -999     -0.7
-122.83450 37.34400  -1475.0  3060.6  1467.2  2300.5     89.3     59.6   1356.1 -999 -999   -143.9
-121.32720 36.75080  -1275.0  4682.2  2779.7  2635.6    405.7    270.6   1474.2 -999 -999    174.2
-123.48000 38.07460  -3175.0  5635.2  3372.5  2670.0    505.8    337.2   2958.1 -999 -999   -141.9
-120.65460 37.06060  -3025.0  4325.0  2389.4  2510.0    358.0    239.0   3132.0 -999 -999     32.0
-121.03120 37.40190  -3075.0  4325.0  2385.0  2507.5    358.0    238.5   3123.9 -999 -999     23.9
-121.14570 37.05110   -437.5  3640.3  1986.9  2622.8    267.9    178.5    668.4 -999 -999    168.4
-121.64280 37.04550   -412.5  3934.8  2226.2  2670.0    334.0    222.6    652.4 -999 -999    152.4
