-122.7655 38.9735   1187.5  2280.0   810.0  2140.0     24.0     16.0     67.9    9   30
-122.3684 38.6190     12.5  2920.0  1340.0  2680.0     40.0     27.0    208.0    9   11
-123.1338 37.6756  -5150.0  6200.0  3640.0  2710.0    546.0    364.0   4848.5   25   20
-122.6263 39.0869  -5150.0  6000.0  3550.0  2720.0    532.0    355.0   5823.2    9   11
-121.9825 37.8910  -4250.0  4760.0  2850.0  2570.0    428.0    285.0   4393.2   16   21
-123.5799 38.2535   -237.5  1500.0  -999.0  1030.0  63000.0  40000.0   -339.0   25   35
-123.5799 38.2535    237.5  -999.0  -999.0  -999.0   -999.0   -999.0   -999.0    0    0
-122.4789 38.1837   -237.5  3030.0  1440.0  2680.0     43.0     29.0    268.8   13   12
-121.5241 38.0427   -212.5  2370.0   880.0  2160.0     26.0     18.0    211.4   17   22
-121.0312 37.4019  -3075.0  4100.0  2360.0  2480.0    354.0    236.0   3097.9   17   16
-121.1457 37.0511   -437.5  3500.0  1850.0  2670.0    278.0    185.0    596.2   19   14
-121.6428 37.0455   -412.5  3570.0  1910.0  2690.0    287.0    191.0    535.9   21    8
-123.8821 38.4024  -3175.0  4900.0  2950.0  2680.0    442.0    295.0   1130.3  510  512
-121.1152 37.6281  -2975.0  4030.0  2310.0  2470.0    347.0    231.0   2990.9  506  511
-121.3781 37.9121 -29700.0  8000.0  4600.0  3300.0    690.0    460.0  29700.1  508  501
-120.7705 37.2387 -18100.0  7000.0  4100.0  3000.0    615.0    410.0  18124.6  508  502
-123.0130 40.9916   2050.0  2660.0  1120.0  2680.0     34.0     22.0     69.3  505  513
-123.2376 40.9734  -3850.0  5990.0  3550.0  2720.0    532.0    355.0   5438.8  505  513
-118.9576 36.7146  -3550.0  7010.0  4000.0  2870.0    600.0    400.0   5337.3  508  503
-121.4770 39.2538 -31700.0  7000.0  4100.0  3000.0    615.0    410.0  31732.6  508  502
-126.3118 39.6462 -34900.0  8000.0  4600.0  3300.0    690.0    460.0  30858.0  512  501
-118.9857 36.7450 -30100.0  7060.0  4030.0  2880.0    604.0    403.0  31859.0  508  503
-123.0130 40.9916   4050.0  -999.0  -999.0  -999.0   -999.0   -999.0   -999.0    0    0
