-122.7655 38.9735   1187.5  2280.0   810.0  2140.0     24.0     16.0     67.9    9   30
-122.3684 38.6190     12.5  2920.0  1340.0  2680.0     40.0     27.0    208.0    9   11
-122.8102 38.5669     37.5  1220.0   340.0  1830.0     15.0     10.0     15.3   13   31
-123.3883 37.9286  -2475.0  5990.0  3540.0  2680.0    531.0    354.0   2352.0   25   20
-120.6469 37.0518  -2025.0  3470.0  1830.0  2470.0    275.0    183.0   2055.4   17   16
-121.6890 37.8604 -42300.0  8000.0  4600.0  3300.0    690.0    460.0  42411.8   20    1
-122.5005 37.4484 -33900.0  8000.0  4600.0  3300.0    690.0    460.0  33862.7   26    1
-123.1338 37.6756  -5150.0  6200.0  3640.0  2710.0    546.0    364.0   4848.5   25   20
-122.6263 39.0869  -5150.0  6000.0  3550.0  2720.0    532.0    355.0   5823.2    9   11
-121.9825 37.8910  -4250.0  4760.0  2850.0  2570.0    428.0    285.0   4393.2   16   21
-123.5799 38.2535   -237.5  1500.0  -999.0  1030.0  63000.0  40000.0   -339.0   25   35
-123.5799 38.2535    237.5  -999.0  -999.0  -999.0   -999.0   -999.0   -999.0    0    0
-122.4789 38.1837   -237.5  3030.0  1440.0  2680.0     43.0     29.0    268.8   13   12
-121.5241 38.0427   -212.5  2370.0   880.0  2160.0     26.0     18.0    211.4   17   22
-122.8345 37.3440  -1475.0  3030.0  1440.0  2300.0     43.0     29.0   1321.3   26   30
-121.3272 36.7508  -1275.0  4700.0  2820.0  2690.0    422.0    282.0   1446.0   21    8
-123.4800 38.0746  -3175.0  6180.0  3630.0  2700.0    545.0    363.0   3033.7   25   20
-120.6546 37.0606  -3025.0  4070.0  2340.0  2470.0    351.0    234.0   3054.6   17   16
-121.0312 37.4019  -3075.0  4100.0  2360.0  2480.0    354.0    236.0   3097.9   17   16
-121.1457 37.0511   -437.5  3500.0  1850.0  2670.0    278.0    185.0    596.2   19   14
-121.6428 37.0455   -412.5  3570.0  1910.0  2690.0    287.0    191.0    535.9   21    8
