-122.76550 38.97350   1187.5  1894.8   546.3  2040.9     16.3     10.8     79.2 -999 -999   1266.7
-122.36840 38.61900     12.5  2604.6  1087.0  2562.8     34.4     22.9     94.4 -999 -999    106.9
-123.13380 37.67560  -5150.0  5766.3  3437.8  2691.0    515.7    343.8   4586.0 -999 -999   -564.0
-122.62630 39.08690  -5150.0  5587.3  3347.6  2673.7    502.1    334.8   5673.3 -999 -999    523.3
-121.98250 37.89100  -4250.0  4932.0  2949.5  2592.6    442.4    294.9   4502.1 -999 -999    252.1
-123.57990 38.25350   -237.5  1500.0  -999.0  1030.0  63000.0  40000.0   -339.0   25   35   -576.5
-123.57990 38.25350    237.5  -999.0  -999.0  -999.0   -999.0   -999.0   -999.0    0    0   -999.0
-122.47890 38.18370   -237.5  2959.9  1392.3  2543.0    154.7    103.2    305.4 -999 -999     67.9
-121.52410 38.04270   -212.5  2125.5   700.7  2101.9     20.9     14.0    274.2 -999 -999     61.7
-121.03120 37.40190  -3075.0  4207.0  2329.8  2503.3    349.5    233.0   2925.7 -999 -999   -149.3
-121.14570 37.05110   -437.5  3678.0  1997.1  2607.1    265.0    176.7    721.5 -999 -999    284.0
-121.64280 37.04550   -412.5  3942.1  2222.5  2670.0    324.9    216.6    656.7 -999 -999    244.2
-123.88210 38.40240  -3175.0  3792.1  2059.2  2471.5    245.8    163.9    935.5 -999 -999  -2239.5
-121.11520 37.62810  -2975.0  4200.8  2327.2  2502.4    349.0    232.7   2916.0 -999 -999    -59.0
-121.37810 37.91210 -29700.0  7773.6  4416.6  3298.3    996.9    499.2  29800.5 -999 -999    100.5
-120.77050 37.23870 -18100.0  6357.5  3707.5  2960.0    556.2    370.8  18125.0 -999 -999     25.0
-123.01300 40.99160   2050.0  2632.4  1094.5  2644.0     33.1     21.9     59.9 -999 -999   2109.9
-123.23760 40.97340  -3850.0  5569.5  3338.4  2670.3    500.7    333.8   5370.5 -999 -999   1520.5
-118.95760 36.71460  -3550.0  5900.0  3500.0  2880.0    525.0    350.0   5189.9 -999 -999   1639.9
-121.47700 39.25380 -31700.0  7101.7  4046.0  3117.0    607.0    404.7  31447.9 -999 -999   -252.1
-126.31180 39.64620 -34900.0  7780.0  4420.0  3300.0   1000.0    500.0  30554.4 -999 -999  -4345.6
-118.98570 36.74500 -30100.0  7097.3  4045.1  3115.6    606.8    404.5  31377.3 -999 -999   1277.3
-123.01300 40.99160   4050.0  -999.0  -999.0  -999.0   -999.0   -999.0   -999.0    0    0   -999.0
