-122.76550 38.97350   1187.5  1880.0   530.0  2040.0     16.0     11.0     67.9    9   30   1255.4
-122.36840 38.61900     12.5  2950.0  1360.0  2660.0     41.0     27.0    208.0    9   11    220.5
-123.13380 37.67560  -5150.0  5790.0  3450.0  2690.0    517.0    345.0   4848.5   25   20   -301.5
-122.62630 39.08690  -5150.0  5600.0  3350.0  2680.0    503.0    335.0   5823.2    9   11    673.2
-121.98250 37.89100  -4250.0  4740.0  2750.0  2570.0    412.0    275.0   4393.2   16   21    143.2
-123.57990 38.25350   -237.5  1500.0  -999.0  1030.0  63000.0  40000.0   -339.0   25   35   -576.5
-123.57990 38.25350    237.5  -999.0  -999.0  -999.0   -999.0   -999.0   -999.0    0    0   -999.0
-122.47890 38.18370   -237.5  3070.0  1470.0  2660.0     44.0     29.0    268.8   13   12     31.3
-121.52410 38.04270   -212.5  2050.0   650.0  2080.0     19.0     13.0    211.4   17   22     -1.1
-121.03120 37.40190  -3075.0  4310.0  2380.0  2510.0    357.0    238.0   3097.9   17   16     22.9
-121.14570 37.05110   -437.5  3660.0  2000.0  2650.0    300.0    200.0    596.2   19   14    158.7
-121.64280 37.04550   -412.5  3700.0  2030.0  2670.0    305.0    203.0    535.9   21    8    123.4
-123.88210 38.40240  -3175.0  4820.0  2890.0  2670.0    434.0    289.0   1130.3  510  512  -2044.7
-121.11520 37.62810  -2975.0  4240.0  2350.0  2500.0    352.0    235.0   2990.9  506  511     15.9
-121.37810 37.91210 -29700.0  7780.0  4420.0  3300.0   1000.0    500.0  29700.1  508  501      0.1
-120.77050 37.23870 -18100.0  6360.0  3710.0  2960.0    556.0    371.0  18124.6  508  502     24.6
-123.01300 40.99160   2050.0  2670.0  1120.0  2660.0     34.0     22.0     69.3  505  513   2119.3
-123.23760 40.97340  -3850.0  5570.0  3340.0  2670.0    501.0    334.0   5438.8  505  513   1588.8
-118.95760 36.71460  -3550.0  5900.0  3500.0  2880.0    525.0    350.0   5337.3  508  503   1787.3
-121.47700 39.25380 -31700.0  7120.0  4050.0  3120.0    608.0    405.0  31732.6  508  502     32.6
-126.31180 39.64620 -34900.0  7780.0  4420.0  3300.0   1000.0    500.0  30858.0  512  501  -4042.0
-118.98570 36.74500 -30100.0  7120.0  4060.0  3120.0    609.0    406.0  31859.0  508  503   1759.0
-123.01300 40.99160   4050.0  -999.0  -999.0  -999.0   -999.0   -999.0   -999.0    0    0   -999.0
