-122.3930 38.9892     12.5  2443.3   937.7  2470.0     28.1     18.7    338.9 -999 -999
-123.1409 38.8338    112.5  2437.7   933.3  2175.7     28.4     18.9    296.1 -999 -999
-122.7330 38.8045   1287.5  1754.2   484.9  1977.0     19.5     13.0     58.4 -999 -999
-120.6423 37.0472   -112.5  2307.5   827.5  2145.0     24.8     16.5    134.4 -999 -999
-121.1890 37.6214   -312.5  2425.0   922.2  2171.2     27.7     18.5    308.7 -999 -999
-121.1334 36.8153    887.5  1402.0   282.8  2470.0     16.9     11.2     26.7 -999 -999
-123.2081 38.7966  -1475.0  4930.2  2966.1  2680.0    445.0    296.6   1813.3 -999 -999
-121.4477 36.6354  -1525.0  5660.5  3384.2  2680.0    507.7    338.4   1829.3 -999 -999
-121.6705 36.6512  -2825.0  4669.2  2738.9  2544.4    410.5    273.9   2914.1 -999 -999
-120.6508 37.0562  -3175.0  4115.0  2377.5  2480.0    356.7    237.8   3132.0 -999 -999
-122.0878 38.4597 -26700.0  7000.0  4100.0  3000.0    615.0    410.0  27279.4   20    2
-122.2364 38.3753 -26700.0  8000.0  4600.0  3300.0    690.0    460.0  27059.1   16    1
-123.4555 38.1980 -18300.0  7000.0  4100.0  3000.0    615.0    410.0  17988.9   25    2
-122.1473 38.2659 -21500.0  7000.0  4100.0  3000.0    615.0    410.0  21668.8   20    2
-122.1436 37.5476 -17700.0  6120.0  3600.0  2740.0    540.0    360.0  17699.9   22   12
-122.0199 37.6453 -11700.0  6060.0  3580.0  2730.0    537.0    358.0  12010.9   22   12
-123.1058 37.7031  -8500.0  6210.0  3640.0  2710.0    547.0    364.0   8399.3   25   20
-121.1793 37.0977  -3175.0  5708.9  3409.7  2690.0    511.4    341.0   3506.3 -999 -999
-123.8505 38.4233   2000.0  -999.0  -999.0  -999.0   -999.0   -999.0   -999.0    0    0
-123.8505 38.4233     -1.0  1500.0  -999.0  1030.0  63000.0  40000.0  -1705.4 -999 -999
