-122.76550 38.97350   1187.5  1927.1   565.2  2049.8     72.5     36.3    105.9 -999 -999   1255.4
-122.36840 38.61900     12.5  2744.1  1190.2  2656.4    172.2     86.1    109.2 -999 -999    220.5
-123.13380 37.67560  -5150.0  5768.8  3440.0  2690.0    756.2    378.1   4619.8 -999 -999   -301.5
-122.62630 39.08690  -5150.0  5592.5  3350.0  2677.5    717.1    358.6   5747.5 -999 -999    673.2
-121.98250 37.89100  -4250.0  4821.2  2872.5  2578.8    540.0    270.1   4477.4 -999 -999    143.2
-123.57990 38.25350   -237.5  1500.0  -999.0  1030.0  63000.0  40000.0   -270.5 -999 -999   -576.5
-123.57990 38.25350    237.5  -999.0  -999.0  -999.0   -999.0   -999.0   -999.0    0    0   -999.0
-122.47890 38.18370   -237.5  3196.8  1587.7  2651.3    237.8    118.9    340.7 -999 -999     31.3
-121.52410 38.04270   -212.5  2156.1   721.4  2108.8     98.0     49.0    299.3 -999 -999     -1.1
-121.03120 37.40190  -3075.0  4325.0  2385.0  2507.5    401.0    200.5   3123.9 -999 -999     22.9
-121.14570 37.05110   -437.5  3640.3  1986.9  2622.8    315.3    157.6    668.4 -999 -999    158.7
-121.64280 37.04550   -412.5  3934.8  2226.2  2670.0    363.8    181.9    652.4 -999 -999    123.4
-123.88210 38.40240  -3175.0  4740.6  2840.3  2670.0    529.5    264.7   1069.8 -999 -999  -2044.7
-121.11520 37.62810  -2975.0  4202.5  2327.5  2500.0    386.5    193.2   2916.0 -999 -999     15.9
-121.37810 37.91210 -29700.0  7780.0  4420.0  3300.0   1319.0    660.0  29700.1  508  501      0.1
-120.77050 37.23870 -18100.0  6360.0  3710.0  2960.0    885.0    443.0  18124.6  508  502     24.6
-123.01300 40.99160   2050.0  2647.5  1102.5  2660.0    158.5     79.5     57.6 -999 -999   2119.3
-123.23760 40.97340  -3850.0  5580.0  3343.8  2670.0    714.8    357.4   5545.8 -999 -999   1588.8
-118.95760 36.71460  -3550.0  5900.0  3500.0  2880.0    785.0    392.0   5283.4 -999 -999   1787.3
-121.47700 39.25380 -31700.0  7120.0  4050.0  3120.0   1079.0    539.0  31732.6  508  502     32.6
-126.31180 39.64620 -34900.0  7780.0  4420.0  3300.0   1320.0    660.0  30858.0  512  501  -4042.0
-118.98570 36.74500 -30100.0  7120.0  4060.0  3120.0   1081.0    541.0  31859.0  508  503   1759.0
-123.01300 40.99160   4050.0  -999.0  -999.0  -999.0   -999.0   -999.0   -999.0    0    0   -999.0
