-122.76550 38.97350   1187.5  1894.8   546.3  2040.9     69.3     34.7     79.2 -999 -999   1255.4
-122.36840 38.61900     12.5  2604.6  1087.0  2562.8    155.7     77.9     94.4 -999 -999    220.5
-122.81020 38.56690     37.5  1220.0   120.0  1830.0     26.0     13.0     15.3   13   31     52.8
-123.38830 37.92860  -2475.0  5596.4  3352.2  2670.0    718.4    359.2   2580.6 -999 -999   -123.0
-120.64690 37.05180  -2025.0  3702.3  2045.7  2471.5    325.2    162.5   2132.1 -999 -999     30.4
-121.68900 37.86040 -42300.0  7790.0  4420.0  3300.0   1322.0    661.0  42247.8 -999 -999    111.8
-122.50050 37.44840 -33900.0  7781.9  4420.0  3300.0   1321.1    660.8  34155.8 -999 -999    -37.3
-123.13380 37.67560  -5150.0  5766.3  3437.8  2691.0    755.6    377.8   4586.0 -999 -999   -301.5
-122.62630 39.08690  -5150.0  5587.3  3347.6  2673.7    716.4    358.1   5673.3 -999 -999    673.2
-121.98250 37.89100  -4250.0  4932.0  2949.5  2592.6    567.9    284.0   4502.1 -999 -999    143.2
-123.57990 38.25350   -237.5  1500.0  -999.0  1030.0  63000.0  40000.0   -339.0   25   35   -576.5
-123.57990 38.25350    237.5  -999.0  -999.0  -999.0   -999.0   -999.0   -999.0    0    0   -999.0
-122.47890 38.18370   -237.5  2959.9  1392.3  2543.0    206.2    103.1    305.4 -999 -999     31.3
-121.52410 38.04270   -212.5  2125.5   700.7  2101.9     94.5     47.2    274.2 -999 -999     -1.1
-122.83450 37.34400  -1475.0  3029.1  1438.6  2294.9    212.2    106.1   1301.9 -999 -999   -153.7
-121.32720 36.75080  -1275.0  4146.9  2401.3  2559.7    429.2    214.6   1513.6 -999 -999    171.0
-123.48000 38.07460  -3175.0  5614.8  3362.0  2670.0    722.5    361.2   2747.9 -999 -999   -141.3
-120.65460 37.06060  -3025.0  4209.9  2331.6  2503.8    387.9    193.9   2932.1 -999 -999     29.6
-121.03120 37.40190  -3075.0  4207.0  2329.8  2503.3    387.4    193.7   2925.7 -999 -999     22.9
-121.14570 37.05110   -437.5  3678.0  1997.1  2607.1    326.9    163.4    721.5 -999 -999    158.7
-121.64280 37.04550   -412.5  3942.1  2222.5  2670.0    368.9    184.5    656.7 -999 -999    123.4
