-122.76550 38.97350   1187.5  1880.0   530.0  2040.0     16.0     11.0     67.9    9   30   1255.4
-122.36840 38.61900     12.5  2950.0  1360.0  2660.0     41.0     27.0    208.0    9   11    220.5
-122.81020 38.56690     37.5  1220.0   340.0  1830.0     15.0     10.0     15.3   13   31     52.8
-123.38830 37.92860  -2475.0  5560.0  3330.0  2670.0    500.0    333.0   2352.0   25   20   -123.0
-120.64690 37.05180  -2025.0  3700.0  2080.0  2500.0    312.0    208.0   2055.4   17   16     30.4
-121.68900 37.86040 -42300.0  7790.0  4420.0  3300.0   1000.0    500.0  42411.8   20    1    111.8
-122.50050 37.44840 -33900.0  7780.0  4420.0  3300.0   1000.0    500.0  33862.7   26    1    -37.3
-123.13380 37.67560  -5150.0  5790.0  3450.0  2690.0    517.0    345.0   4848.5   25   20   -301.5
-122.62630 39.08690  -5150.0  5600.0  3350.0  2680.0    503.0    335.0   5823.2    9   11    673.2
-121.98250 37.89100  -4250.0  4740.0  2750.0  2570.0    412.0    275.0   4393.2   16   21    143.2
-123.57990 38.25350   -237.5  1500.0  -999.0  1030.0  63000.0  40000.0   -339.0   25   35   -576.5
-123.57990 38.25350    237.5  -999.0  -999.0  -999.0   -999.0   -999.0   -999.0    0    0   -999.0
-122.47890 38.18370   -237.5  3070.0  1470.0  2660.0     44.0     29.0    268.8   13   12     31.3
-121.52410 38.04270   -212.5  2050.0   650.0  2080.0     19.0     13.0    211.4   17   22     -1.1
-122.83450 37.34400  -1475.0  3040.0  1450.0  2300.0     43.0     29.0   1321.3   26   30   -153.7
-121.32720 36.75080  -1275.0  4830.0  2900.0  2670.0    435.0    290.0   1446.0   21    8    171.0
-123.48000 38.07460  -3175.0  5640.0  3380.0  2670.0    506.0    338.0   3033.7   25   20   -141.3
-120.65460 37.06060  -3025.0  4280.0  2370.0  2500.0    355.0    237.0   3054.6   17   16     29.6
-121.03120 37.40190  -3075.0  4310.0  2380.0  2510.0    357.0    238.0   3097.9   17   16     22.9
-121.14570 37.05110   -437.5  3660.0  2000.0  2650.0    300.0    200.0    596.2   19   14    158.7
-121.64280 37.04550   -412.5  3700.0  2030.0  2670.0    305.0    203.0    535.9   21    8    123.4
