-122.76550 38.97350   1187.5  1894.8   546.3  2040.9     16.3     10.8     79.2 -999 -999   1266.7
-122.36840 38.61900     12.5  2604.6  1087.0  2562.8     34.4     22.9     94.4 -999 -999    106.9
-122.81020 38.56690     37.5  1401.2   365.6  1883.2     15.0     10.0     27.6 -999 -999     65.1
-123.38830 37.92860  -2475.0  5596.4  3352.2  2670.0    502.8    335.2   2580.6 -999 -999    105.6
-120.64690 37.05180  -2025.0  3702.3  2045.7  2471.5    306.9    204.6   2132.1 -999 -999    107.1
-121.68900 37.86040 -42300.0  7790.0  4420.0  3300.0   1000.0    500.0  42247.8 -999 -999    -52.2
-122.50050 37.44840 -33900.0  7781.9  4420.0  3300.0   1000.0    500.0  34155.8 -999 -999    255.8
-123.13380 37.67560  -5150.0  5766.3  3437.8  2691.0    515.7    343.8   4586.0 -999 -999   -564.0
-122.62630 39.08690  -5150.0  5587.3  3347.6  2673.7    502.1    334.8   5673.3 -999 -999    523.3
-121.98250 37.89100  -4250.0  4932.0  2949.5  2592.6    442.4    294.9   4502.1 -999 -999    252.1
-123.57990 38.25350   -237.5  1500.0  -999.0  1030.0  63000.0  40000.0   -339.0   25   35   -576.5
-123.57990 38.25350    237.5  -999.0  -999.0  -999.0   -999.0   -999.0   -999.0    0    0   -999.0
-122.47890 38.18370   -237.5  2959.9  1392.3  2543.0    154.7    103.2    305.4 -999 -999     67.9
-121.52410 38.04270   -212.5  2125.5   700.7  2101.9     20.9     14.0    274.2 -999 -999     61.7
-122.83450 37.34400  -1475.0  3029.1  1438.6  2294.9     74.9     49.9   1301.9 -999 -999   -173.1
-121.32720 36.75080  -1275.0  4146.9  2401.3  2559.7    337.6    225.1   1513.6 -999 -999    238.6
-123.48000 38.07460  -3175.0  5614.8  3362.0  2670.0    504.2    336.2   2747.9 -999 -999   -427.1
-120.65460 37.06060  -3025.0  4209.9  2331.6  2503.8    349.7    233.2   2932.1 -999 -999    -92.9
-121.03120 37.40190  -3075.0  4207.0  2329.8  2503.3    349.5    233.0   2925.7 -999 -999   -149.3
-121.14570 37.05110   -437.5  3678.0  1997.1  2607.1    265.0    176.7    721.5 -999 -999    284.0
-121.64280 37.04550   -412.5  3942.1  2222.5  2670.0    324.9    216.6    656.7 -999 -999    244.2
