-122.76550 38.97350   1187.5  1927.1   565.2  2049.8     72.5     36.3    105.9 -999 -999   1255.4
-122.36840 38.61900     12.5  2744.1  1190.2  2656.4    172.2     86.1    109.2 -999 -999    220.5
-122.81020 38.56690     37.5  1343.3   161.0  1863.4     26.0     13.0     23.7 -999 -999     52.8
-123.38830 37.92860  -2475.0  5565.0  3335.0  2670.0    711.1    355.5   2378.2 -999 -999   -123.0
-120.64690 37.05180  -2025.0  3745.0  2105.0  2500.0    336.3    168.0   2132.0 -999 -999     30.4
-121.68900 37.86040 -42300.0  7790.0  4420.0  3300.0   1322.0    661.0  42411.8   20    1    111.8
-122.50050 37.44840 -33900.0  7780.0  4420.0  3300.0   1321.0    661.0  33862.7   26    1    -37.3
-123.13380 37.67560  -5150.0  5768.8  3440.0  2690.0    756.2    378.1   4619.8 -999 -999   -301.5
-122.62630 39.08690  -5150.0  5592.5  3350.0  2677.5    717.1    358.6   5747.5 -999 -999    673.2
-121.98250 37.89100  -4250.0  4821.2  2872.5  2578.8    540.0    270.1   4477.4 -999 -999    143.2
-123.57990 38.25350   -237.5  1500.0  -999.0  1030.0  63000.0  40000.0   -270.5 -999 -999   -576.5
-123.57990 38.25350    237.5  -999.0  -999.0  -999.0   -999.0   -999.0   -999.0    0    0   -999.0
-122.47890 38.18370   -237.5  3196.8  1587.7  2651.3    237.8    118.9    340.7 -999 -999     31.3
-121.52410 38.04270   -212.5  2156.1   721.4  2108.8     98.0     49.0    299.3 -999 -999     -1.1
-122.83450 37.34400  -1475.0  3060.6  1467.2  2300.5    216.9    108.4   1356.1 -999 -999   -153.7
-121.32720 36.75080  -1275.0  4682.2  2779.7  2635.6    521.6    260.8   1474.2 -999 -999    171.0
-123.48000 38.07460  -3175.0  5635.2  3372.5  2670.0    727.4    363.5   2958.1 -999 -999   -141.3
-120.65460 37.06060  -3025.0  4325.0  2389.4  2510.0    401.5    200.8   3132.0 -999 -999     29.6
-121.03120 37.40190  -3075.0  4325.0  2385.0  2507.5    401.0    200.5   3123.9 -999 -999     22.9
-121.14570 37.05110   -437.5  3640.3  1986.9  2622.8    315.3    157.6    668.4 -999 -999    158.7
-121.64280 37.04550   -412.5  3934.8  2226.2  2670.0    363.8    181.9    652.4 -999 -999    123.4
